mkdir: cannot create directory ‘results’: File exists
Building DAG of jobs...
Using shell: /usr/bin/bash
Provided cores: 4
Rules claiming more threads will be scaled down.
Select jobs to execute...

[Mon Mar 28 13:42:46 2022]
rule bowtie2Align:
    input: results/trimmed/VA_ENV_11_R1_001.fastq.gz, results/trimmed/VA_ENV_11_R2_001.fastq.gz, results/trimmed/VA_ENV_11_R1_unpaired.fastq.gz, results/trimmed/VA_ENV_11_R2_unpaired.fastq.gz, resources/Aus0004.fasta.1.bt2
    output: results/mapped/VA_ENV_11_aln.sam, results/mapped/VA_ENV_11_aln.bam, results/mapped/VA_ENV_11_aln_sort.bam
    log: logs/bowtie2/VA_ENV_11.log
    jobid: 0
    wildcards: sample=VA_ENV_11
    resources: mem_mb=1000, disk_mb=1000, tmpdir=/tmp

Activating conda environment: /nfs/esnitkin/Github/samosa/.snakemake/conda/5a4b16a499b4aea1d09482ac23cd36cd
Time loading reference: 00:00:00
Time loading forward index: 00:00:00
Time loading mirror index: 00:00:00
Multiseed full-index search: 00:00:01
9931 reads; of these:
  9331 (93.96%) were paired; of these:
    2845 (30.49%) aligned concordantly 0 times
    5839 (62.58%) aligned concordantly exactly 1 time
    647 (6.93%) aligned concordantly >1 times
    ----
    2845 pairs aligned concordantly 0 times; of these:
      1032 (36.27%) aligned discordantly 1 time
    ----
    1813 pairs aligned 0 times concordantly or discordantly; of these:
      3626 mates make up the pairs; of these:
        3223 (88.89%) aligned 0 times
        141 (3.89%) aligned exactly 1 time
        262 (7.23%) aligned >1 times
  600 (6.04%) were unpaired; of these:
    84 (14.00%) aligned 0 times
    477 (79.50%) aligned exactly 1 time
    39 (6.50%) aligned >1 times
82.83% overall alignment rate
Time searching: 00:00:01
Overall time: 00:00:01
[Mon Mar 28 13:42:49 2022]
Finished job 0.
1 of 1 steps (100%) done
