Building DAG of jobs...
Using shell: /usr/bin/bash
Provided cores: 4
Rules claiming more threads will be scaled down.
Job stats:
job      count    min threads    max threads
-----  -------  -------------  -------------
clean        1              1              1
total        1              1              1

Select jobs to execute...

[Tue Jul 27 12:19:54 2021]
rule clean:
    jobid: 0
    resources: tmpdir=/tmp

[Tue Jul 27 12:19:54 2021]
Error in rule clean:
    jobid: 0
    shell:
        rm -r trimmed/* freebayes/* mapped/* DedupReads/*
        (one of the commands exited with non-zero exit code; note that snakemake uses bash strict mode!)

Shutting down, this might take some time.
Exiting because a job execution failed. Look above for error message
Complete log: /nfs/esnitkin/Github/samosa/.snakemake/log/2021-07-27T121951.883714.snakemake.log
