Building DAG of jobs...
Using shell: /usr/bin/bash
Provided cores: 4
Rules claiming more threads will be scaled down.
Job stats:
job                    count    min threads    max threads
-------------------  -------  -------------  -------------
GATK_MarkDuplicates        1              1              1
all                        1              1              1
bowtie2Align               1              4              4
bowtie2Build               1              1              1
total                      4              1              4

Select jobs to execute...

[Thu Jul 22 11:43:48 2021]
rule bowtie2Build:
    input: resources/Aus0004.fasta
    output: resources/Aus0004.fasta.1.bt2, resources/Aus0004.fasta.2.bt2, resources/Aus0004.fasta.3.bt2, resources/Aus0004.fasta.4.bt2, resources/Aus0004.fasta.rev.1.bt2, resources/Aus0004.fasta.rev.2.bt2
    jobid: 2
    resources: tmpdir=/tmp

[Thu Jul 22 11:43:51 2021]
Finished job 2.
1 of 4 steps (25%) done
Select jobs to execute...

[Thu Jul 22 11:43:51 2021]
rule bowtie2Align:
    input: trimmed/A_R1_001.fastq.gz, trimmed/A_R2_001.fastq.gz, trimmed/A_R1_unpaired.fastq.gz, trimmed/A_R2_unpaired.fastq.gz, resources/Aus0004.fasta.1.bt2
    output: mapped/A_aln.sam, mapped/A_aln.bam, mapped/A_aln_sort.bam
    log: logs/bowtie2/A.log
    jobid: 3
    wildcards: sample=A
    threads: 4
    resources: tmpdir=/tmp

Removing temporary output file mapped/A_aln.sam.
Removing temporary output file mapped/A_aln.bam.
[Thu Jul 22 11:45:48 2021]
Finished job 3.
2 of 4 steps (50%) done
Select jobs to execute...

[Thu Jul 22 11:45:49 2021]
rule GATK_MarkDuplicates:
    input: mapped/A_aln_sort.bam
    output: DedupReads/A_aln_marked.bam, DedupReads/A_marked_dup_metrics.txt
    log: logs/gatk/A_GATK_MarkDuplicates.log
    jobid: 4
    wildcards: sample=A
    resources: tmpdir=/tmp

[Thu Jul 22 11:45:59 2021]
Error in rule GATK_MarkDuplicates:
    jobid: 4
    output: DedupReads/A_aln_marked.bam, DedupReads/A_marked_dup_metrics.txt
    log: logs/gatk/A_GATK_MarkDuplicates.log (check log file(s) for error message)
    shell:
        /home/apirani/.conda/envs/variantcalling_clone/bin/gatk MarkDuplicates --REMOVE_DUPLICATES true  -I mapped/A_aln_sort.bam -O DedupReads/A_aln_marked.bam -M DedupReads/A_marked_dup_metrics.txt  2>logs/gatk/A_GATK_MarkDuplicates.log
        (one of the commands exited with non-zero exit code; note that snakemake uses bash strict mode!)

Shutting down, this might take some time.
Exiting because a job execution failed. Look above for error message
Complete log: /nfs/esnitkin/Github/samosa/.snakemake/log/2021-07-22T114345.936224.snakemake.log
