Building DAG of jobs...
Using shell: /usr/bin/bash
Provided cores: 4
Rules claiming more threads will be scaled down.
Job stats:
job                    count    min threads    max threads
-------------------  -------  -------------  -------------
GATK_MarkDuplicates        2              1              1
all                        1              1              1
bowtie2Align               2              4              4
bowtie2Build               1              1              1
freebayes                  2              1              1
samtools_faidx             1              1              1
samtools_index             2              1              1
trimmomatic_pe             2              1              1
total                     13              1              4

Select jobs to execute...

[Tue Jul 27 11:11:52 2021]
rule trimmomatic_pe:
    input: /scratch/esnitkin_root/esnitkin/apirani/Project_VRE_metagenomics_analysis/2021_06_25_LDV_Simulation/Simulated_data/test_data/A_R1_001.fastq.gz, /scratch/esnitkin_root/esnitkin/apirani/Project_VRE_metagenomics_analysis/2021_06_25_LDV_Simulation/Simulated_data/test_data/A_R2_001.fastq.gz
    output: trimmed/A_R1_001.fastq.gz, trimmed/A_R2_001.fastq.gz, trimmed/A_R1_unpaired.fastq.gz, trimmed/A_R2_unpaired.fastq.gz
    log: logs/trimmomatic/A.log
    jobid: 4
    wildcards: sample=A
    resources: tmpdir=/tmp


[Tue Jul 27 11:11:52 2021]
rule bowtie2Build:
    input: resources/Aus0004.fasta
    output: resources/Aus0004.fasta.1.bt2, resources/Aus0004.fasta.2.bt2, resources/Aus0004.fasta.3.bt2, resources/Aus0004.fasta.4.bt2, resources/Aus0004.fasta.rev.1.bt2, resources/Aus0004.fasta.rev.2.bt2
    jobid: 5
    resources: tmpdir=/tmp


[Tue Jul 27 11:11:52 2021]
rule samtools_faidx:
    input: resources/Aus0004.fasta
    output: resources/Aus0004.fasta.fai
    jobid: 10
    resources: tmpdir=/tmp


[Tue Jul 27 11:11:52 2021]
rule trimmomatic_pe:
    input: /scratch/esnitkin_root/esnitkin/apirani/Project_VRE_metagenomics_analysis/2021_06_25_LDV_Simulation/Simulated_data/test_data/B_R1_001.fastq.gz, /scratch/esnitkin_root/esnitkin/apirani/Project_VRE_metagenomics_analysis/2021_06_25_LDV_Simulation/Simulated_data/test_data/B_R2_001.fastq.gz
    output: trimmed/B_R1_001.fastq.gz, trimmed/B_R2_001.fastq.gz, trimmed/B_R1_unpaired.fastq.gz, trimmed/B_R2_unpaired.fastq.gz
    log: logs/trimmomatic/B.log
    jobid: 9
    wildcards: sample=B
    resources: tmpdir=/tmp

[Tue Jul 27 11:11:52 2021]
Finished job 10.
1 of 13 steps (8%) done
[Tue Jul 27 11:11:55 2021]
Finished job 5.
2 of 13 steps (15%) done
[Tue Jul 27 11:16:19 2021]
Finished job 4.
3 of 13 steps (23%) done
Select jobs to execute...
[Tue Jul 27 11:16:20 2021]
Finished job 9.
4 of 13 steps (31%) done
Select jobs to execute...

[Tue Jul 27 11:16:20 2021]
rule bowtie2Align:
    input: trimmed/A_R1_001.fastq.gz, trimmed/A_R2_001.fastq.gz, trimmed/A_R1_unpaired.fastq.gz, trimmed/A_R2_unpaired.fastq.gz, resources/Aus0004.fasta.1.bt2
    output: mapped/A_aln.sam, mapped/A_aln.bam, mapped/A_aln_sort.bam
    log: logs/bowtie2/A.log
    jobid: 3
    wildcards: sample=A
    threads: 4
    resources: tmpdir=/tmp

[Tue Jul 27 11:16:21 2021]
Error in rule bowtie2Align:
    jobid: 3
    output: mapped/A_aln.sam, mapped/A_aln.bam, mapped/A_aln_sort.bam
    log: logs/bowtie2/A.log (check log file(s) for error message)
    shell:
        bowtie2 -x resources/Aus0004.fasta -1 trimmed/A_R1_001.fastq.gz -2 trimmed/A_R2_001.fastq.gz -U trimmed/A_R1_unpaired.fastq.gz -U trimmed/A_R2_unpaired.fastq.gz -S mapped/A_aln.sam -t -p 8 --non-deterministic --end-to-end --rg-id A B --rg SM:A B --rg LB:1 --rg PL:Illumina && samtools view -Sb mapped/A_aln.sam > mapped/A_aln.bam && samtools sort -O BAM -o mapped/A_aln_sort.bam mapped/A_aln.bam
        (one of the commands exited with non-zero exit code; note that snakemake uses bash strict mode!)

Shutting down, this might take some time.
Exiting because a job execution failed. Look above for error message
Complete log: /nfs/esnitkin/Github/samosa/.snakemake/log/2021-07-27T111150.380772.snakemake.log
