Building DAG of jobs...
Using shell: /usr/bin/bash
Provided cores: 4
Rules claiming more threads will be scaled down.
Job stats:
job                    count    min threads    max threads
-------------------  -------  -------------  -------------
GATK_MarkDuplicates        1              1              1
all                        1              1              1
total                      2              1              1

Select jobs to execute...

[Thu Jul 22 12:03:13 2021]
rule GATK_MarkDuplicates:
    input: mapped/A_aln_sort.bam
    output: DedupReads/A_aln_marked.bam, DedupReads/A_marked_dup_metrics.txt
    log: logs/gatk/A_GATK_MarkDuplicates.log
    jobid: 4
    wildcards: sample=A
    resources: tmpdir=/tmp

[Thu Jul 22 12:04:06 2021]
Finished job 4.
1 of 2 steps (50%) done
Select jobs to execute...

[Thu Jul 22 12:04:07 2021]
localrule all:
    input: trimmed/A_R1_001.fastq.gz, trimmed/A_R2_001.fastq.gz, trimmed/A_R1_unpaired.fastq.gz, trimmed/A_R2_unpaired.fastq.gz, resources/Aus0004.fasta.1.bt2, resources/Aus0004.fasta.2.bt2, resources/Aus0004.fasta.3.bt2, resources/Aus0004.fasta.4.bt2, resources/Aus0004.fasta.rev.1.bt2, resources/Aus0004.fasta.rev.2.bt2, mapped/A_aln_sort.bam, DedupReads/A_aln_marked.bam
    jobid: 0
    resources: tmpdir=/tmp

[Thu Jul 22 12:04:07 2021]
Finished job 0.
2 of 2 steps (100%) done
Complete log: /nfs/esnitkin/Github/samosa/.snakemake/log/2021-07-22T120312.433978.snakemake.log
