Building DAG of jobs...
Using shell: /usr/bin/bash
Provided cores: 4
Rules claiming more threads will be scaled down.
Job stats:
job                    count    min threads    max threads
-------------------  -------  -------------  -------------
GATK_MarkDuplicates        2              1              1
all                        1              1              1
bowtie2Align               2              4              4
freebayes                  2              1              1
samtools_index             2              1              1
total                      9              1              4

Select jobs to execute...

[Tue Jul 27 11:31:19 2021]
rule bowtie2Align:
    input: trimmed/A_R1_001.fastq.gz, trimmed/A_R2_001.fastq.gz, trimmed/A_R1_unpaired.fastq.gz, trimmed/A_R2_unpaired.fastq.gz, resources/Aus0004.fasta.1.bt2
    output: mapped/A_aln.sam, mapped/A_aln.bam, mapped/A_aln_sort.bam
    log: logs/bowtie2/A.log
    jobid: 3
    wildcards: sample=A
    threads: 4
    resources: tmpdir=/tmp

Removing temporary output file mapped/A_aln.sam.
Removing temporary output file mapped/A_aln.bam.
[Tue Jul 27 11:33:12 2021]
Finished job 3.
1 of 9 steps (11%) done
Select jobs to execute...

[Tue Jul 27 11:33:12 2021]
rule bowtie2Align:
    input: trimmed/B_R1_001.fastq.gz, trimmed/B_R2_001.fastq.gz, trimmed/B_R1_unpaired.fastq.gz, trimmed/B_R2_unpaired.fastq.gz, resources/Aus0004.fasta.1.bt2
    output: mapped/B_aln.sam, mapped/B_aln.bam, mapped/B_aln_sort.bam
    log: logs/bowtie2/B.log
    jobid: 8
    wildcards: sample=B
    threads: 4
    resources: tmpdir=/tmp

Removing temporary output file mapped/B_aln.sam.
Removing temporary output file mapped/B_aln.bam.
[Tue Jul 27 11:35:12 2021]
Finished job 8.
2 of 9 steps (22%) done
Select jobs to execute...

[Tue Jul 27 11:35:12 2021]
rule GATK_MarkDuplicates:
    input: mapped/B_aln_sort.bam
    output: DedupReads/B_aln_marked.bam, DedupReads/B_marked_dup_metrics.txt
    log: logs/gatk/B_GATK_MarkDuplicates.log
    jobid: 7
    wildcards: sample=B
    resources: tmpdir=/tmp


[Tue Jul 27 11:35:12 2021]
rule GATK_MarkDuplicates:
    input: mapped/A_aln_sort.bam
    output: DedupReads/A_aln_marked.bam, DedupReads/A_marked_dup_metrics.txt
    log: logs/gatk/A_GATK_MarkDuplicates.log
    jobid: 2
    wildcards: sample=A
    resources: tmpdir=/tmp

[Tue Jul 27 11:36:07 2021]
Finished job 7.
3 of 9 steps (33%) done
Select jobs to execute...

[Tue Jul 27 11:36:07 2021]
rule samtools_index:
    input: DedupReads/B_aln_marked.bam
    output: DedupReads/B_aln_marked.bam.bai
    log: logs/samtools/B_samtools.log
    jobid: 6
    wildcards: sample=B
    resources: tmpdir=/tmp


[Tue Jul 27 11:36:07 2021]
rule freebayes:
    input: DedupReads/B_aln_marked.bam, resources/Aus0004.fasta.fai, resources/Aus0004.fasta
    output: freebayes/B_raw.vcf
    log: logs/freebayes/B_freebayes.log
    jobid: 12
    wildcards: sample=B
    resources: tmpdir=/tmp

[Tue Jul 27 11:36:07 2021]
Finished job 2.
4 of 9 steps (44%) done
Select jobs to execute...

[Tue Jul 27 11:36:07 2021]
rule samtools_index:
    input: DedupReads/A_aln_marked.bam
    output: DedupReads/A_aln_marked.bam.bai
    log: logs/samtools/A_samtools.log
    jobid: 1
    wildcards: sample=A
    resources: tmpdir=/tmp


[Tue Jul 27 11:36:07 2021]
rule freebayes:
    input: DedupReads/A_aln_marked.bam, resources/Aus0004.fasta.fai, resources/Aus0004.fasta
    output: freebayes/A_raw.vcf
    log: logs/freebayes/A_freebayes.log
    jobid: 11
    wildcards: sample=A
    resources: tmpdir=/tmp

[Tue Jul 27 11:36:08 2021]
Finished job 11.
5 of 9 steps (56%) done
[Tue Jul 27 11:36:08 2021]
Finished job 12.
6 of 9 steps (67%) done
[Tue Jul 27 11:36:11 2021]
Finished job 6.
7 of 9 steps (78%) done
[Tue Jul 27 11:36:11 2021]
Finished job 1.
8 of 9 steps (89%) done
Select jobs to execute...

[Tue Jul 27 11:36:11 2021]
localrule all:
    input: DedupReads/A_aln_marked.bam.bai, DedupReads/B_aln_marked.bam.bai, resources/Aus0004.fasta.fai, freebayes/A_raw.vcf, freebayes/B_raw.vcf
    jobid: 0
    resources: tmpdir=/tmp

[Tue Jul 27 11:36:11 2021]
Finished job 0.
9 of 9 steps (100%) done
Complete log: /nfs/esnitkin/Github/samosa/.snakemake/log/2021-07-27T113117.963026.snakemake.log
