Building DAG of jobs...
Using shell: /usr/bin/bash
Provided cores: 4
Rules claiming more threads will be scaled down.
Job stats:
job                     count    min threads    max threads
--------------------  -------  -------------  -------------
GATK_DepthofCoverage        2              1              1
GATK_MarkDuplicates         2              1              1
all                         1              1              1
bowtie2Align                2              4              4
freebayes                   2              1              1
samtools_index              2              1              1
trimmomatic_pe              2              1              1
total                      13              1              4

Select jobs to execute...

[Wed Jul 28 13:48:56 2021]
rule trimmomatic_pe:
    input: /scratch/esnitkin_root/esnitkin/apirani/Project_VRE_metagenomics_analysis/2021_06_25_LDV_Simulation/Simulated_data/test_data/B_R1_001.fastq.gz, /scratch/esnitkin_root/esnitkin/apirani/Project_VRE_metagenomics_analysis/2021_06_25_LDV_Simulation/Simulated_data/test_data/B_R2_001.fastq.gz
    output: results/trimmed/B_R1_001.fastq.gz, results/trimmed/B_R2_001.fastq.gz, results/trimmed/B_R1_unpaired.fastq.gz, results/trimmed/B_R2_unpaired.fastq.gz
    log: logs/trimmomatic/B.log
    jobid: 9
    wildcards: sample=B
    resources: tmpdir=/tmp


[Wed Jul 28 13:48:56 2021]
rule trimmomatic_pe:
    input: /scratch/esnitkin_root/esnitkin/apirani/Project_VRE_metagenomics_analysis/2021_06_25_LDV_Simulation/Simulated_data/test_data/A_R1_001.fastq.gz, /scratch/esnitkin_root/esnitkin/apirani/Project_VRE_metagenomics_analysis/2021_06_25_LDV_Simulation/Simulated_data/test_data/A_R2_001.fastq.gz
    output: results/trimmed/A_R1_001.fastq.gz, results/trimmed/A_R2_001.fastq.gz, results/trimmed/A_R1_unpaired.fastq.gz, results/trimmed/A_R2_unpaired.fastq.gz
    log: logs/trimmomatic/A.log
    jobid: 4
    wildcards: sample=A
    resources: tmpdir=/tmp

[Wed Jul 28 13:53:24 2021]
Finished job 4.
1 of 13 steps (8%) done
Select jobs to execute...
[Wed Jul 28 13:53:26 2021]
Finished job 9.
2 of 13 steps (15%) done
Select jobs to execute...

[Wed Jul 28 13:53:26 2021]
rule bowtie2Align:
    input: results/trimmed/A_R1_001.fastq.gz, results/trimmed/A_R2_001.fastq.gz, results/trimmed/A_R1_unpaired.fastq.gz, results/trimmed/A_R2_unpaired.fastq.gz, resources/Aus0004.fasta.1.bt2
    output: results/mapped/A_aln.sam, results/mapped/A_aln.bam, results/mapped/A_aln_sort.bam
    log: logs/bowtie2/A.log
    jobid: 3
    wildcards: sample=A
    threads: 4
    resources: tmpdir=/tmp

Removing temporary output file results/mapped/A_aln.sam.
Removing temporary output file results/mapped/A_aln.bam.
[Wed Jul 28 13:55:22 2021]
Finished job 3.
3 of 13 steps (23%) done
Select jobs to execute...

[Wed Jul 28 13:55:22 2021]
rule bowtie2Align:
    input: results/trimmed/B_R1_001.fastq.gz, results/trimmed/B_R2_001.fastq.gz, results/trimmed/B_R1_unpaired.fastq.gz, results/trimmed/B_R2_unpaired.fastq.gz, resources/Aus0004.fasta.1.bt2
    output: results/mapped/B_aln.sam, results/mapped/B_aln.bam, results/mapped/B_aln_sort.bam
    log: logs/bowtie2/B.log
    jobid: 8
    wildcards: sample=B
    threads: 4
    resources: tmpdir=/tmp

Removing temporary output file results/mapped/B_aln.sam.
Removing temporary output file results/mapped/B_aln.bam.
[Wed Jul 28 13:57:12 2021]
Finished job 8.
4 of 13 steps (31%) done
Select jobs to execute...

[Wed Jul 28 13:57:12 2021]
rule GATK_MarkDuplicates:
    input: results/mapped/B_aln_sort.bam
    output: results/DedupReads/B_aln_marked.bam, results/DedupReads/B_marked_dup_metrics.txt
    log: logs/gatk/B_GATK_MarkDuplicates.log
    jobid: 7
    wildcards: sample=B
    resources: tmpdir=/tmp


[Wed Jul 28 13:57:12 2021]
rule GATK_MarkDuplicates:
    input: results/mapped/A_aln_sort.bam
    output: results/DedupReads/A_aln_marked.bam, results/DedupReads/A_marked_dup_metrics.txt
    log: logs/gatk/A_GATK_MarkDuplicates.log
    jobid: 2
    wildcards: sample=A
    resources: tmpdir=/tmp

[Wed Jul 28 13:58:07 2021]
Finished job 2.
5 of 13 steps (38%) done
Select jobs to execute...

[Wed Jul 28 13:58:07 2021]
rule samtools_index:
    input: results/DedupReads/A_aln_marked.bam
    output: results/DedupReads/A_aln_marked.bam.bai
    log: logs/samtools/A_samtools.log
    jobid: 1
    wildcards: sample=A
    resources: tmpdir=/tmp


[Wed Jul 28 13:58:07 2021]
rule GATK_DepthofCoverage:
    input: results/DedupReads/A_aln_marked.bam, resources/Aus0004.fasta, resources/Aus0004.dict
    output: results/DedupReads/A_depth_of_coverage
    log: logs/gatk/A_GATK_DepthofCoverage.log
    jobid: 13
    wildcards: sample=A
    resources: tmpdir=/tmp

[Wed Jul 28 13:58:07 2021]
Finished job 7.
6 of 13 steps (46%) done
Select jobs to execute...

[Wed Jul 28 13:58:07 2021]
rule samtools_index:
    input: results/DedupReads/B_aln_marked.bam
    output: results/DedupReads/B_aln_marked.bam.bai
    log: logs/samtools/B_samtools.log
    jobid: 6
    wildcards: sample=B
    resources: tmpdir=/tmp


[Wed Jul 28 13:58:07 2021]
rule GATK_DepthofCoverage:
    input: results/DedupReads/B_aln_marked.bam, resources/Aus0004.fasta, resources/Aus0004.dict
    output: results/DedupReads/B_depth_of_coverage
    log: logs/gatk/B_GATK_DepthofCoverage.log
    jobid: 15
    wildcards: sample=B
    resources: tmpdir=/tmp

[Wed Jul 28 13:58:10 2021]
Error in rule GATK_DepthofCoverage:
    jobid: 13
    output: results/DedupReads/A_depth_of_coverage
    log: logs/gatk/A_GATK_DepthofCoverage.log (check log file(s) for error message)
    shell:
        java -Xmx5G -jar /nfs/esnitkin/bin_group/gatk-4.2.0.0/gatk-package-4.2.0.0-local.jar DepthOfCoverage -R resources/Aus0004.fasta -O results/DedupReads/A_depth_of_coverage -I results/DedupReads/A_aln_marked.bam --summary-coverage-threshold 1 --summary-coverage-threshold 2 --summary-coverage-threshold 3 --summary-coverage-threshold 4 --summary-coverage-threshold 5 --summary-coverage-threshold 6 --summary-coverage-threshold 7 --summary-coverage-threshold 8 --summary-coverage-threshold 9 --summary-coverage-threshold 10 --summary-coverage-threshold 15 --summary-coverage-threshold 20 --summary-coverage-threshold 25 --ignore-deletion-sites true --intervals true 2>logs/gatk/A_GATK_DepthofCoverage.log
        (one of the commands exited with non-zero exit code; note that snakemake uses bash strict mode!)

[Wed Jul 28 13:58:10 2021]
Error in rule GATK_DepthofCoverage:
    jobid: 15
    output: results/DedupReads/B_depth_of_coverage
    log: logs/gatk/B_GATK_DepthofCoverage.log (check log file(s) for error message)
    shell:
        java -Xmx5G -jar /nfs/esnitkin/bin_group/gatk-4.2.0.0/gatk-package-4.2.0.0-local.jar DepthOfCoverage -R resources/Aus0004.fasta -O results/DedupReads/B_depth_of_coverage -I results/DedupReads/B_aln_marked.bam --summary-coverage-threshold 1 --summary-coverage-threshold 2 --summary-coverage-threshold 3 --summary-coverage-threshold 4 --summary-coverage-threshold 5 --summary-coverage-threshold 6 --summary-coverage-threshold 7 --summary-coverage-threshold 8 --summary-coverage-threshold 9 --summary-coverage-threshold 10 --summary-coverage-threshold 15 --summary-coverage-threshold 20 --summary-coverage-threshold 25 --ignore-deletion-sites true --intervals true 2>logs/gatk/B_GATK_DepthofCoverage.log
        (one of the commands exited with non-zero exit code; note that snakemake uses bash strict mode!)

[Wed Jul 28 13:58:11 2021]
Finished job 1.
7 of 13 steps (54%) done
[Wed Jul 28 13:58:11 2021]
Finished job 6.
8 of 13 steps (62%) done
Shutting down, this might take some time.
Exiting because a job execution failed. Look above for error message
Complete log: /nfs/esnitkin/Github/samosa/.snakemake/log/2021-07-28T134854.737700.snakemake.log
