Building DAG of jobs...
Using shell: /usr/bin/bash
Provided cores: 4
Rules claiming more threads will be scaled down.
Job stats:
job                    count    min threads    max threads
-------------------  -------  -------------  -------------
GATK_MarkDuplicates        1              1              1
all                        1              1              1
samtools_index             1              1              1
total                      3              1              1

Select jobs to execute...

[Thu Jul 22 12:08:12 2021]
rule GATK_MarkDuplicates:
    input: mapped/A_aln_sort.bam
    output: DedupReads/A_aln_marked.bam, DedupReads/A_marked_dup_metrics.txt
    log: logs/gatk/A_GATK_MarkDuplicates.log
    jobid: 4
    wildcards: sample=A
    resources: tmpdir=/tmp

[Thu Jul 22 12:09:05 2021]
Finished job 4.
1 of 3 steps (33%) done
Select jobs to execute...

[Thu Jul 22 12:09:05 2021]
rule samtools_index:
    input: DedupReads/A_aln_marked.bam
    output: DedupReads/A_aln_marked.bam, DedupReads/A_aln_marked.bam.bai
    log: logs/samtools/A_samtools.log
    jobid: 5
    wildcards: sample=A
    resources: tmpdir=/tmp

[Thu Jul 22 12:09:05 2021]
Error in rule samtools_index:
    jobid: 5
    output: DedupReads/A_aln_marked.bam, DedupReads/A_aln_marked.bam.bai
    log: logs/samtools/A_samtools.log (check log file(s) for error message)
    shell:
        samtools index DedupReads/A_aln_marked.bam
        (one of the commands exited with non-zero exit code; note that snakemake uses bash strict mode!)

Shutting down, this might take some time.
Exiting because a job execution failed. Look above for error message
Complete log: /nfs/esnitkin/Github/samosa/.snakemake/log/2021-07-22T120810.780599.snakemake.log
