Building DAG of jobs...
Using shell: /usr/bin/bash
Provided cores: 4
Rules claiming more threads will be scaled down.
Job stats:
job                     count    min threads    max threads
--------------------  -------  -------------  -------------
GATK_DepthofCoverage        2              1              1
all                         1              1              1
total                       3              1              1

Select jobs to execute...

[Wed Jul 28 14:43:03 2021]
rule GATK_DepthofCoverage:
    input: results/DedupReads/A_aln_marked.bam, resources/Aus0004.fasta, resources/Aus0004.dict
    output: results/DedupReads/A_depth_of_coverage
    log: logs/gatk/A_GATK_DepthofCoverage.log
    jobid: 13
    wildcards: sample=A
    resources: tmpdir=/tmp


[Wed Jul 28 14:43:03 2021]
rule GATK_DepthofCoverage:
    input: results/DedupReads/B_aln_marked.bam, resources/Aus0004.fasta, resources/Aus0004.dict
    output: results/DedupReads/B_depth_of_coverage
    log: logs/gatk/B_GATK_DepthofCoverage.log
    jobid: 15
    wildcards: sample=B
    resources: tmpdir=/tmp

[Wed Jul 28 14:43:06 2021]
Error in rule GATK_DepthofCoverage:
    jobid: 13
    output: results/DedupReads/A_depth_of_coverage
    log: logs/gatk/A_GATK_DepthofCoverage.log (check log file(s) for error message)
    shell:
        java -Xmx5G -jar /nfs/esnitkin/bin_group/gatk-4.2.0.0/gatk-package-4.2.0.0-local.jar DepthOfCoverage -R resources/Aus0004.fasta -O results/DedupReads/A_depth_of_coverage -I results/DedupReads/A_aln_marked.bam --summary-coverage-threshold 1 --summary-coverage-threshold 2 --summary-coverage-threshold 3 --summary-coverage-threshold 4 --summary-coverage-threshold 5 --summary-coverage-threshold 6 --summary-coverage-threshold 7 --summary-coverage-threshold 8 --summary-coverage-threshold 9 --summary-coverage-threshold 10 --summary-coverage-threshold 15 --summary-coverage-threshold 20 --summary-coverage-threshold 25 --ignore-deletion-sites true --intervals true 2>logs/gatk/A_GATK_DepthofCoverage.log
        (one of the commands exited with non-zero exit code; note that snakemake uses bash strict mode!)

[Wed Jul 28 14:43:07 2021]
Error in rule GATK_DepthofCoverage:
    jobid: 15
    output: results/DedupReads/B_depth_of_coverage
    log: logs/gatk/B_GATK_DepthofCoverage.log (check log file(s) for error message)
    shell:
        java -Xmx5G -jar /nfs/esnitkin/bin_group/gatk-4.2.0.0/gatk-package-4.2.0.0-local.jar DepthOfCoverage -R resources/Aus0004.fasta -O results/DedupReads/B_depth_of_coverage -I results/DedupReads/B_aln_marked.bam --summary-coverage-threshold 1 --summary-coverage-threshold 2 --summary-coverage-threshold 3 --summary-coverage-threshold 4 --summary-coverage-threshold 5 --summary-coverage-threshold 6 --summary-coverage-threshold 7 --summary-coverage-threshold 8 --summary-coverage-threshold 9 --summary-coverage-threshold 10 --summary-coverage-threshold 15 --summary-coverage-threshold 20 --summary-coverage-threshold 25 --ignore-deletion-sites true --intervals true 2>logs/gatk/B_GATK_DepthofCoverage.log
        (one of the commands exited with non-zero exit code; note that snakemake uses bash strict mode!)

Shutting down, this might take some time.
Exiting because a job execution failed. Look above for error message
Complete log: /nfs/esnitkin/Github/samosa/.snakemake/log/2021-07-28T144302.226817.snakemake.log
