Building DAG of jobs...
Using shell: /usr/bin/bash
Provided cores: 4
Rules claiming more threads will be scaled down.
Job stats:
job                    count    min threads    max threads
-------------------  -------  -------------  -------------
GATK_MarkDuplicates        2              1              1
all                        1              1              1
bowtie2Align               2              4              4
freebayes                  2              1              1
samtools_index             2              1              1
trimmomatic_pe             2              1              1
total                     11              1              4

Select jobs to execute...

[Wed Jul 28 11:23:12 2021]
rule trimmomatic_pe:
    input: /scratch/esnitkin_root/esnitkin/apirani/Project_VRE_metagenomics_analysis/2021_06_25_LDV_Simulation/Simulated_data/test_data/B_R1_001.fastq.gz, /scratch/esnitkin_root/esnitkin/apirani/Project_VRE_metagenomics_analysis/2021_06_25_LDV_Simulation/Simulated_data/test_data/B_R2_001.fastq.gz
    output: results/trimmed/B_R1_001.fastq.gz, results/trimmed/B_R2_001.fastq.gz, results/trimmed/B_R1_unpaired.fastq.gz, results/trimmed/B_R2_unpaired.fastq.gz
    log: logs/trimmomatic/B.log
    jobid: 9
    wildcards: sample=B
    resources: tmpdir=/tmp


[Wed Jul 28 11:23:12 2021]
rule trimmomatic_pe:
    input: /scratch/esnitkin_root/esnitkin/apirani/Project_VRE_metagenomics_analysis/2021_06_25_LDV_Simulation/Simulated_data/test_data/A_R1_001.fastq.gz, /scratch/esnitkin_root/esnitkin/apirani/Project_VRE_metagenomics_analysis/2021_06_25_LDV_Simulation/Simulated_data/test_data/A_R2_001.fastq.gz
    output: results/trimmed/A_R1_001.fastq.gz, results/trimmed/A_R2_001.fastq.gz, results/trimmed/A_R1_unpaired.fastq.gz, results/trimmed/A_R2_unpaired.fastq.gz
    log: logs/trimmomatic/A.log
    jobid: 4
    wildcards: sample=A
    resources: tmpdir=/tmp

[Wed Jul 28 11:27:40 2021]
Finished job 4.
1 of 11 steps (9%) done
Select jobs to execute...
[Wed Jul 28 11:27:41 2021]
Finished job 9.
2 of 11 steps (18%) done
Select jobs to execute...

[Wed Jul 28 11:27:41 2021]
rule bowtie2Align:
    input: results/trimmed/A_R1_001.fastq.gz, results/trimmed/A_R2_001.fastq.gz, results/trimmed/A_R1_unpaired.fastq.gz, results/trimmed/A_R2_unpaired.fastq.gz, resources/Aus0004.fasta.1.bt2
    output: results/mapped/A_aln.sam, results/mapped/A_aln.bam, results/mapped/A_aln_sort.bam
    log: logs/bowtie2/A.log
    jobid: 3
    wildcards: sample=A
    threads: 4
    resources: tmpdir=/tmp

Removing temporary output file results/mapped/A_aln.sam.
Removing temporary output file results/mapped/A_aln.bam.
[Wed Jul 28 11:29:41 2021]
Finished job 3.
3 of 11 steps (27%) done
Select jobs to execute...

[Wed Jul 28 11:29:41 2021]
rule bowtie2Align:
    input: results/trimmed/B_R1_001.fastq.gz, results/trimmed/B_R2_001.fastq.gz, results/trimmed/B_R1_unpaired.fastq.gz, results/trimmed/B_R2_unpaired.fastq.gz, resources/Aus0004.fasta.1.bt2
    output: results/mapped/B_aln.sam, results/mapped/B_aln.bam, results/mapped/B_aln_sort.bam
    log: logs/bowtie2/B.log
    jobid: 8
    wildcards: sample=B
    threads: 4
    resources: tmpdir=/tmp

Removing temporary output file results/mapped/B_aln.sam.
Removing temporary output file results/mapped/B_aln.bam.
[Wed Jul 28 11:31:42 2021]
Finished job 8.
4 of 11 steps (36%) done
Select jobs to execute...

[Wed Jul 28 11:31:42 2021]
rule GATK_MarkDuplicates:
    input: results/mapped/B_aln_sort.bam
    output: results/DedupReads/B_aln_marked.bam, results/DedupReads/B_marked_dup_metrics.txt
    log: logs/gatk/B_GATK_MarkDuplicates.log
    jobid: 7
    wildcards: sample=B
    resources: tmpdir=/tmp


[Wed Jul 28 11:31:42 2021]
rule GATK_MarkDuplicates:
    input: results/mapped/A_aln_sort.bam
    output: results/DedupReads/A_aln_marked.bam, results/DedupReads/A_marked_dup_metrics.txt
    log: logs/gatk/A_GATK_MarkDuplicates.log
    jobid: 2
    wildcards: sample=A
    resources: tmpdir=/tmp

[Wed Jul 28 11:32:38 2021]
Finished job 7.
5 of 11 steps (45%) done
[Wed Jul 28 11:32:38 2021]
Finished job 2.
6 of 11 steps (55%) done
Select jobs to execute...

[Wed Jul 28 11:32:38 2021]
rule samtools_index:
    input: results/DedupReads/B_aln_marked.bam
    output: results/DedupReads/B_aln_marked.bam.bai
    log: logs/samtools/B_samtools.log
    jobid: 6
    wildcards: sample=B
    resources: tmpdir=/tmp


[Wed Jul 28 11:32:38 2021]
rule samtools_index:
    input: results/DedupReads/A_aln_marked.bam
    output: results/DedupReads/A_aln_marked.bam.bai
    log: logs/samtools/A_samtools.log
    jobid: 1
    wildcards: sample=A
    resources: tmpdir=/tmp

[Wed Jul 28 11:32:42 2021]
Finished job 1.
7 of 11 steps (64%) done
Select jobs to execute...
[Wed Jul 28 11:32:42 2021]
Finished job 6.
8 of 11 steps (73%) done

[Wed Jul 28 11:32:42 2021]
rule freebayes:
    input: results/DedupReads/A_aln_marked.bam, results/DedupReads/A_aln_marked.bam.bai, resources/Aus0004.fasta.fai, resources/Aus0004.fasta
    output: results/freebayes/A_raw.vcf
    log: logs/freebayes/A_freebayes.log
    jobid: 11
    wildcards: sample=A
    resources: tmpdir=/tmp

Select jobs to execute...

[Wed Jul 28 11:32:42 2021]
rule freebayes:
    input: results/DedupReads/B_aln_marked.bam, results/DedupReads/B_aln_marked.bam.bai, resources/Aus0004.fasta.fai, resources/Aus0004.fasta
    output: results/freebayes/B_raw.vcf
    log: logs/freebayes/B_freebayes.log
    jobid: 12
    wildcards: sample=B
    resources: tmpdir=/tmp

[Wed Jul 28 11:34:45 2021]
Finished job 12.
9 of 11 steps (82%) done
[Wed Jul 28 11:35:09 2021]
Finished job 11.
10 of 11 steps (91%) done
Select jobs to execute...

[Wed Jul 28 11:35:09 2021]
localrule all:
    input: results/DedupReads/A_aln_marked.bam.bai, results/DedupReads/B_aln_marked.bam.bai, resources/Aus0004.fasta.fai, results/freebayes/A_raw.vcf, results/freebayes/B_raw.vcf
    jobid: 0
    resources: tmpdir=/tmp

[Wed Jul 28 11:35:09 2021]
Finished job 0.
11 of 11 steps (100%) done
Complete log: /nfs/esnitkin/Github/samosa/.snakemake/log/2021-07-28T112311.141371.snakemake.log
