Building DAG of jobs...
Using shell: /usr/bin/bash
Provided cores: 4
Rules claiming more threads will be scaled down.
Job stats:
job                    count    min threads    max threads
-------------------  -------  -------------  -------------
GATK_MarkDuplicates        2              1              1
all                        1              1              1
freebayes                  2              1              1
samtools_index             2              1              1
total                      7              1              1

Select jobs to execute...

[Tue Jul 27 11:44:05 2021]
rule GATK_MarkDuplicates:
    input: mapped/B_aln_sort.bam
    output: DedupReads/B_aln_marked.bam, DedupReads/B_marked_dup_metrics.txt
    log: logs/gatk/B_GATK_MarkDuplicates.log
    jobid: 7
    wildcards: sample=B
    resources: tmpdir=/tmp


[Tue Jul 27 11:44:05 2021]
rule GATK_MarkDuplicates:
    input: mapped/A_aln_sort.bam
    output: DedupReads/A_aln_marked.bam, DedupReads/A_marked_dup_metrics.txt
    log: logs/gatk/A_GATK_MarkDuplicates.log
    jobid: 2
    wildcards: sample=A
    resources: tmpdir=/tmp

[Tue Jul 27 11:44:59 2021]
Finished job 2.
1 of 7 steps (14%) done
Select jobs to execute...

[Tue Jul 27 11:45:00 2021]
rule freebayes:
    input: DedupReads/A_aln_marked.bam, resources/Aus0004.fasta.fai, resources/Aus0004.fasta
    output: freebayes/A_raw.vcf
    log: logs/freebayes/A_freebayes.log
    jobid: 11
    wildcards: sample=A
    resources: tmpdir=/tmp


[Tue Jul 27 11:45:00 2021]
rule samtools_index:
    input: DedupReads/A_aln_marked.bam
    output: DedupReads/A_aln_marked.bam.bai
    log: logs/samtools/A_samtools.log
    jobid: 1
    wildcards: sample=A
    resources: tmpdir=/tmp

[Tue Jul 27 11:45:00 2021]
Finished job 7.
2 of 7 steps (29%) done
Select jobs to execute...

[Tue Jul 27 11:45:00 2021]
rule samtools_index:
    input: DedupReads/B_aln_marked.bam
    output: DedupReads/B_aln_marked.bam.bai
    log: logs/samtools/B_samtools.log
    jobid: 6
    wildcards: sample=B
    resources: tmpdir=/tmp


[Tue Jul 27 11:45:00 2021]
rule freebayes:
    input: DedupReads/B_aln_marked.bam, resources/Aus0004.fasta.fai, resources/Aus0004.fasta
    output: freebayes/B_raw.vcf
    log: logs/freebayes/B_freebayes.log
    jobid: 12
    wildcards: sample=B
    resources: tmpdir=/tmp

[Tue Jul 27 11:45:00 2021]
Finished job 11.
3 of 7 steps (43%) done
[Tue Jul 27 11:45:00 2021]
Finished job 12.
4 of 7 steps (57%) done
[Tue Jul 27 11:45:03 2021]
Finished job 1.
5 of 7 steps (71%) done
[Tue Jul 27 11:45:03 2021]
Finished job 6.
6 of 7 steps (86%) done
Select jobs to execute...

[Tue Jul 27 11:45:03 2021]
localrule all:
    input: DedupReads/A_aln_marked.bam.bai, DedupReads/B_aln_marked.bam.bai, resources/Aus0004.fasta.fai, freebayes/A_raw.vcf, freebayes/B_raw.vcf
    jobid: 0
    resources: tmpdir=/tmp

[Tue Jul 27 11:45:03 2021]
Finished job 0.
7 of 7 steps (100%) done
Complete log: /nfs/esnitkin/Github/samosa/.snakemake/log/2021-07-27T114404.070870.snakemake.log
