Building DAG of jobs...
Using shell: /usr/bin/bash
Provided cores: 4
Rules claiming more threads will be scaled down.
Job stats:
job                     count    min threads    max threads
--------------------  -------  -------------  -------------
GATK_DepthofCoverage        2              1              1
all                         1              1              1
total                       3              1              1

Select jobs to execute...

[Wed Jul 28 14:44:14 2021]
rule GATK_DepthofCoverage:
    input: results/DedupReads/A_aln_marked.bam, resources/Aus0004.fasta, resources/Aus0004.dict
    output: results/DedupReads/A_depth_of_coverage
    log: logs/gatk/A_GATK_DepthofCoverage.log
    jobid: 13
    wildcards: sample=A
    resources: tmpdir=/tmp


[Wed Jul 28 14:44:14 2021]
rule GATK_DepthofCoverage:
    input: results/DedupReads/B_aln_marked.bam, resources/Aus0004.fasta, resources/Aus0004.dict
    output: results/DedupReads/B_depth_of_coverage
    log: logs/gatk/B_GATK_DepthofCoverage.log
    jobid: 15
    wildcards: sample=B
    resources: tmpdir=/tmp

[Wed Jul 28 14:45:32 2021]
Finished job 13.
1 of 3 steps (33%) done
[Wed Jul 28 14:45:34 2021]
Finished job 15.
2 of 3 steps (67%) done
Select jobs to execute...

[Wed Jul 28 14:45:34 2021]
localrule all:
    input: results/DedupReads/A_aln_marked.bam.bai, results/DedupReads/B_aln_marked.bam.bai, resources/Aus0004.fasta.fai, results/freebayes/A_raw.vcf, results/freebayes/B_raw.vcf, results/DedupReads/A_depth_of_coverage, results/DedupReads/B_depth_of_coverage
    jobid: 0
    resources: tmpdir=/tmp

[Wed Jul 28 14:45:34 2021]
Finished job 0.
3 of 3 steps (100%) done
Complete log: /nfs/esnitkin/Github/samosa/.snakemake/log/2021-07-28T144413.150074.snakemake.log
