Building DAG of jobs...
Using shell: /usr/bin/bash
Provided cores: 4
Rules claiming more threads will be scaled down.
Job stats:
job               count    min threads    max threads
--------------  -------  -------------  -------------
all                   1              1              1
samtools_index        1              1              1
total                 2              1              1

Select jobs to execute...

[Thu Jul 22 12:07:21 2021]
rule samtools_index:
    input: DedupReads/A_aln_marked.bam
    output: DedupReads/A_aln_marked.bam, DedupReads/A_aln_marked.bam.bai
    log: logs/samtools/A_samtools.log
    jobid: 5
    wildcards: sample=A
    resources: tmpdir=/tmp

[Thu Jul 22 12:07:21 2021]
Error in rule samtools_index:
    jobid: 5
    output: DedupReads/A_aln_marked.bam, DedupReads/A_aln_marked.bam.bai
    log: logs/samtools/A_samtools.log (check log file(s) for error message)
    shell:
        samtools index DedupReads/A_aln_marked.bam
        (one of the commands exited with non-zero exit code; note that snakemake uses bash strict mode!)

Shutting down, this might take some time.
Exiting because a job execution failed. Look above for error message
Complete log: /nfs/esnitkin/Github/samosa/.snakemake/log/2021-07-22T120720.052383.snakemake.log
