Building DAG of jobs...
Using shell: /usr/bin/bash
Provided cores: 4
Rules claiming more threads will be scaled down.
Job stats:
job                    count    min threads    max threads
-------------------  -------  -------------  -------------
GATK_MarkDuplicates        2              1              1
all                        1              1              1
bowtie2Align               2              4              4
freebayes                  2              1              1
samtools_index             2              1              1
total                      9              1              4

Select jobs to execute...

[Wed Jul 28 14:32:21 2021]
rule bowtie2Align:
    input: results/trimmed/B_R1_001.fastq.gz, results/trimmed/B_R2_001.fastq.gz, results/trimmed/B_R1_unpaired.fastq.gz, results/trimmed/B_R2_unpaired.fastq.gz, resources/Aus0004.fasta.1.bt2
    output: results/mapped/B_aln.sam, results/mapped/B_aln.bam, results/mapped/B_aln_sort.bam
    log: logs/bowtie2/B.log
    jobid: 8
    wildcards: sample=B
    threads: 4
    resources: tmpdir=/tmp

Removing temporary output file results/mapped/B_aln.sam.
Removing temporary output file results/mapped/B_aln.bam.
[Wed Jul 28 14:34:16 2021]
Finished job 8.
1 of 9 steps (11%) done
Select jobs to execute...

[Wed Jul 28 14:34:16 2021]
rule bowtie2Align:
    input: results/trimmed/A_R1_001.fastq.gz, results/trimmed/A_R2_001.fastq.gz, results/trimmed/A_R1_unpaired.fastq.gz, results/trimmed/A_R2_unpaired.fastq.gz, resources/Aus0004.fasta.1.bt2
    output: results/mapped/A_aln.sam, results/mapped/A_aln.bam, results/mapped/A_aln_sort.bam
    log: logs/bowtie2/A.log
    jobid: 3
    wildcards: sample=A
    threads: 4
    resources: tmpdir=/tmp

Removing temporary output file results/mapped/A_aln.sam.
Removing temporary output file results/mapped/A_aln.bam.
[Wed Jul 28 14:36:16 2021]
Finished job 3.
2 of 9 steps (22%) done
Select jobs to execute...

[Wed Jul 28 14:36:16 2021]
rule GATK_MarkDuplicates:
    input: results/mapped/A_aln_sort.bam
    output: results/DedupReads/A_aln_marked.bam, results/DedupReads/A_marked_dup_metrics.txt
    log: logs/gatk/A_GATK_MarkDuplicates.log
    jobid: 2
    wildcards: sample=A
    resources: tmpdir=/tmp


[Wed Jul 28 14:36:16 2021]
rule GATK_MarkDuplicates:
    input: results/mapped/B_aln_sort.bam
    output: results/DedupReads/B_aln_marked.bam, results/DedupReads/B_marked_dup_metrics.txt
    log: logs/gatk/B_GATK_MarkDuplicates.log
    jobid: 7
    wildcards: sample=B
    resources: tmpdir=/tmp

[Wed Jul 28 14:37:13 2021]
Finished job 2.
3 of 9 steps (33%) done
[Wed Jul 28 14:37:13 2021]
Finished job 7.
4 of 9 steps (44%) done
Select jobs to execute...

[Wed Jul 28 14:37:13 2021]
rule samtools_index:
    input: results/DedupReads/B_aln_marked.bam
    output: results/DedupReads/B_aln_marked.bam.bai
    log: logs/samtools/B_samtools.log
    jobid: 6
    wildcards: sample=B
    resources: tmpdir=/tmp


[Wed Jul 28 14:37:13 2021]
rule samtools_index:
    input: results/DedupReads/A_aln_marked.bam
    output: results/DedupReads/A_aln_marked.bam.bai
    log: logs/samtools/A_samtools.log
    jobid: 1
    wildcards: sample=A
    resources: tmpdir=/tmp

[Wed Jul 28 14:37:17 2021]
Finished job 6.
5 of 9 steps (56%) done
Select jobs to execute...

[Wed Jul 28 14:37:17 2021]
rule freebayes:
    input: results/DedupReads/B_aln_marked.bam, results/DedupReads/B_aln_marked.bam.bai, resources/Aus0004.fasta.fai, resources/Aus0004.fasta
    output: results/freebayes/B_raw.vcf
    log: logs/freebayes/B_freebayes.log
    jobid: 12
    wildcards: sample=B
    resources: tmpdir=/tmp

[Wed Jul 28 14:37:17 2021]
Finished job 1.
6 of 9 steps (67%) done
Select jobs to execute...

[Wed Jul 28 14:37:17 2021]
rule freebayes:
    input: results/DedupReads/A_aln_marked.bam, results/DedupReads/A_aln_marked.bam.bai, resources/Aus0004.fasta.fai, resources/Aus0004.fasta
    output: results/freebayes/A_raw.vcf
    log: logs/freebayes/A_freebayes.log
    jobid: 11
    wildcards: sample=A
    resources: tmpdir=/tmp

[Wed Jul 28 14:39:26 2021]
Finished job 12.
7 of 9 steps (78%) done
[Wed Jul 28 14:39:53 2021]
Finished job 11.
8 of 9 steps (89%) done
Select jobs to execute...

[Wed Jul 28 14:39:53 2021]
localrule all:
    input: results/DedupReads/A_aln_marked.bam.bai, results/DedupReads/B_aln_marked.bam.bai, resources/Aus0004.fasta.fai, results/freebayes/A_raw.vcf, results/freebayes/B_raw.vcf
    jobid: 0
    resources: tmpdir=/tmp

[Wed Jul 28 14:39:53 2021]
Finished job 0.
9 of 9 steps (100%) done
Complete log: /nfs/esnitkin/Github/samosa/.snakemake/log/2021-07-28T143219.057892.snakemake.log
