Building DAG of jobs...
Using shell: /usr/bin/bash
Provided cores: 4
Rules claiming more threads will be scaled down.
Job stats:
job               count    min threads    max threads
--------------  -------  -------------  -------------
all                   1              1              1
samtools_index        1              1              1
total                 2              1              1

Select jobs to execute...

[Thu Jul 22 13:54:49 2021]
rule samtools_index:
    input: DedupReads/A_aln_marked.bam
    output: DedupReads/A_aln_marked.bam.bai
    log: logs/samtools/A_samtools.log
    jobid: 1
    wildcards: sample=A
    resources: tmpdir=/tmp

[Thu Jul 22 13:54:53 2021]
Finished job 1.
1 of 2 steps (50%) done
Select jobs to execute...

[Thu Jul 22 13:54:53 2021]
localrule all:
    input: DedupReads/A_aln_marked.bam.bai, resources/Aus0004.fasta.fai, freebayes/A_raw.vcf
    jobid: 0
    resources: tmpdir=/tmp

[Thu Jul 22 13:54:53 2021]
Finished job 0.
2 of 2 steps (100%) done
Complete log: /nfs/esnitkin/Github/samosa/.snakemake/log/2021-07-22T135447.343326.snakemake.log
