Building DAG of jobs...
Using shell: /usr/bin/bash
Provided cores: 4
Rules claiming more threads will be scaled down.
Job stats:
job                     count    min threads    max threads
--------------------  -------  -------------  -------------
GATK_DepthofCoverage        2              1              1
GATK_MarkDuplicates         2              1              1
all                         1              1              1
bowtie2Align                2              4              4
freebayes                   2              1              1
picard_SeqDict              1              1              1
samtools_index              2              1              1
trimmomatic_pe              2              1              1
total                      14              1              4

Select jobs to execute...

[Wed Jul 28 10:43:02 2021]
rule trimmomatic_pe:
    input: /scratch/esnitkin_root/esnitkin/apirani/Project_VRE_metagenomics_analysis/2021_06_25_LDV_Simulation/Simulated_data/test_data/B_R1_001.fastq.gz, /scratch/esnitkin_root/esnitkin/apirani/Project_VRE_metagenomics_analysis/2021_06_25_LDV_Simulation/Simulated_data/test_data/B_R2_001.fastq.gz
    output: trimmed/B_R1_001.fastq.gz, trimmed/B_R2_001.fastq.gz, trimmed/B_R1_unpaired.fastq.gz, trimmed/B_R2_unpaired.fastq.gz
    log: logs/trimmomatic/B.log
    jobid: 9
    wildcards: sample=B
    resources: tmpdir=/tmp


[Wed Jul 28 10:43:02 2021]
rule trimmomatic_pe:
    input: /scratch/esnitkin_root/esnitkin/apirani/Project_VRE_metagenomics_analysis/2021_06_25_LDV_Simulation/Simulated_data/test_data/A_R1_001.fastq.gz, /scratch/esnitkin_root/esnitkin/apirani/Project_VRE_metagenomics_analysis/2021_06_25_LDV_Simulation/Simulated_data/test_data/A_R2_001.fastq.gz
    output: trimmed/A_R1_001.fastq.gz, trimmed/A_R2_001.fastq.gz, trimmed/A_R1_unpaired.fastq.gz, trimmed/A_R2_unpaired.fastq.gz
    log: logs/trimmomatic/A.log
    jobid: 4
    wildcards: sample=A
    resources: tmpdir=/tmp


[Wed Jul 28 10:43:02 2021]
rule picard_SeqDict:
    input: resources/Aus0004.fasta
    output: resources/Aus0004.dict
    jobid: 12
    resources: tmpdir=/tmp

[Wed Jul 28 10:43:03 2021]
Finished job 12.
1 of 14 steps (7%) done
[Wed Jul 28 10:47:28 2021]
Finished job 9.
2 of 14 steps (14%) done
Select jobs to execute...
[Wed Jul 28 10:47:31 2021]
Finished job 4.
3 of 14 steps (21%) done
Select jobs to execute...

[Wed Jul 28 10:47:32 2021]
rule bowtie2Align:
    input: trimmed/B_R1_001.fastq.gz, trimmed/B_R2_001.fastq.gz, trimmed/B_R1_unpaired.fastq.gz, trimmed/B_R2_unpaired.fastq.gz, resources/Aus0004.fasta.1.bt2
    output: mapped/B_aln.sam, mapped/B_aln.bam, mapped/B_aln_sort.bam
    log: logs/bowtie2/B.log
    jobid: 8
    wildcards: sample=B
    threads: 4
    resources: tmpdir=/tmp

Removing temporary output file mapped/B_aln.sam.
Removing temporary output file mapped/B_aln.bam.
[Wed Jul 28 10:49:31 2021]
Finished job 8.
4 of 14 steps (29%) done
Select jobs to execute...

[Wed Jul 28 10:49:31 2021]
rule bowtie2Align:
    input: trimmed/A_R1_001.fastq.gz, trimmed/A_R2_001.fastq.gz, trimmed/A_R1_unpaired.fastq.gz, trimmed/A_R2_unpaired.fastq.gz, resources/Aus0004.fasta.1.bt2
    output: mapped/A_aln.sam, mapped/A_aln.bam, mapped/A_aln_sort.bam
    log: logs/bowtie2/A.log
    jobid: 3
    wildcards: sample=A
    threads: 4
    resources: tmpdir=/tmp

Removing temporary output file mapped/A_aln.sam.
Removing temporary output file mapped/A_aln.bam.
[Wed Jul 28 10:51:31 2021]
Finished job 3.
5 of 14 steps (36%) done
Select jobs to execute...

[Wed Jul 28 10:51:31 2021]
rule GATK_MarkDuplicates:
    input: mapped/A_aln_sort.bam
    output: DedupReads/A_aln_marked.bam, DedupReads/A_marked_dup_metrics.txt
    log: logs/gatk/A_GATK_MarkDuplicates.log
    jobid: 2
    wildcards: sample=A
    resources: tmpdir=/tmp


[Wed Jul 28 10:51:31 2021]
rule GATK_MarkDuplicates:
    input: mapped/B_aln_sort.bam
    output: DedupReads/B_aln_marked.bam, DedupReads/B_marked_dup_metrics.txt
    log: logs/gatk/B_GATK_MarkDuplicates.log
    jobid: 7
    wildcards: sample=B
    resources: tmpdir=/tmp

[Wed Jul 28 10:52:26 2021]
Finished job 2.
6 of 14 steps (43%) done
Select jobs to execute...
[Wed Jul 28 10:52:26 2021]
Finished job 7.
7 of 14 steps (50%) done

[Wed Jul 28 10:52:26 2021]
rule samtools_index:
    input: DedupReads/A_aln_marked.bam
    output: DedupReads/A_aln_marked.bam.bai
    log: logs/samtools/A_samtools.log
    jobid: 1
    wildcards: sample=A
    resources: tmpdir=/tmp


[Wed Jul 28 10:52:26 2021]
rule GATK_DepthofCoverage:
    input: DedupReads/A_aln_marked.bam, resources/Aus0004.fasta, resources/Aus0004.dict
    output: DedupReads/A_depth_of_coverage
    log: logs/gatk/A_GATK_DepthofCoverage.log
    jobid: 11
    wildcards: sample=A
    resources: tmpdir=/tmp

Select jobs to execute...

[Wed Jul 28 10:52:26 2021]
rule samtools_index:
    input: DedupReads/B_aln_marked.bam
    output: DedupReads/B_aln_marked.bam.bai
    log: logs/samtools/B_samtools.log
    jobid: 6
    wildcards: sample=B
    resources: tmpdir=/tmp


[Wed Jul 28 10:52:26 2021]
rule GATK_DepthofCoverage:
    input: DedupReads/B_aln_marked.bam, resources/Aus0004.fasta, resources/Aus0004.dict
    output: DedupReads/B_depth_of_coverage
    log: logs/gatk/B_GATK_DepthofCoverage.log
    jobid: 13
    wildcards: sample=B
    resources: tmpdir=/tmp

[Wed Jul 28 10:52:27 2021]
Error in rule GATK_DepthofCoverage:
    jobid: 11
    output: DedupReads/A_depth_of_coverage
    log: logs/gatk/A_GATK_DepthofCoverage.log (check log file(s) for error message)
    shell:
        java -Xmx5G -jar ./bin/GenomeAnalysisTK.jar -T DepthOfCoverage -R resources/Aus0004.fasta -o DedupReads/A_depth_of_coverage -I DedupReads/A_aln_marked.bam --summaryCoverageThreshold 1 --summaryCoverageThreshold 2 --summaryCoverageThreshold 3 --summaryCoverageThreshold 4 --summaryCoverageThreshold 5 --summaryCoverageThreshold 6 --summaryCoverageThreshold 7 --summaryCoverageThreshold 8 --summaryCoverageThreshold 9 --summaryCoverageThreshold 10 --summaryCoverageThreshold 15 --summaryCoverageThreshold 20 --summaryCoverageThreshold 25 --ignoreDeletionSites 2>logs/gatk/A_GATK_DepthofCoverage.log
        (one of the commands exited with non-zero exit code; note that snakemake uses bash strict mode!)

[Wed Jul 28 10:52:27 2021]
Error in rule GATK_DepthofCoverage:
    jobid: 13
    output: DedupReads/B_depth_of_coverage
    log: logs/gatk/B_GATK_DepthofCoverage.log (check log file(s) for error message)
    shell:
        java -Xmx5G -jar ./bin/GenomeAnalysisTK.jar -T DepthOfCoverage -R resources/Aus0004.fasta -o DedupReads/B_depth_of_coverage -I DedupReads/B_aln_marked.bam --summaryCoverageThreshold 1 --summaryCoverageThreshold 2 --summaryCoverageThreshold 3 --summaryCoverageThreshold 4 --summaryCoverageThreshold 5 --summaryCoverageThreshold 6 --summaryCoverageThreshold 7 --summaryCoverageThreshold 8 --summaryCoverageThreshold 9 --summaryCoverageThreshold 10 --summaryCoverageThreshold 15 --summaryCoverageThreshold 20 --summaryCoverageThreshold 25 --ignoreDeletionSites 2>logs/gatk/B_GATK_DepthofCoverage.log
        (one of the commands exited with non-zero exit code; note that snakemake uses bash strict mode!)

[Wed Jul 28 10:52:30 2021]
Finished job 1.
8 of 14 steps (57%) done
[Wed Jul 28 10:52:30 2021]
Finished job 6.
9 of 14 steps (64%) done
Shutting down, this might take some time.
Exiting because a job execution failed. Look above for error message
Complete log: /nfs/esnitkin/Github/samosa/.snakemake/log/2021-07-28T104301.236918.snakemake.log
