Building DAG of jobs...
Using shell: /usr/bin/bash
Provided cores: 4
Rules claiming more threads will be scaled down.
Job stats:
job                    count    min threads    max threads
-------------------  -------  -------------  -------------
GATK_MarkDuplicates        1              1              1
all                        1              1              1
total                      2              1              1

Select jobs to execute...

[Thu Jul 22 12:02:31 2021]
rule GATK_MarkDuplicates:
    input: mapped/A_aln_sort.bam
    output: DedupReads/A_aln_marked.bam, DedupReads/A_marked_dup_metrics.txt
    log: logs/gatk/A_GATK_MarkDuplicates.log
    jobid: 4
    wildcards: sample=A
    resources: tmpdir=/tmp

[Thu Jul 22 12:02:32 2021]
Error in rule GATK_MarkDuplicates:
    jobid: 4
    output: DedupReads/A_aln_marked.bam, DedupReads/A_marked_dup_metrics.txt
    log: logs/gatk/A_GATK_MarkDuplicates.log (check log file(s) for error message)
    shell:
        picard MarkDuplicates REMOVE_DUPLICATES=true REMOVE_DUPLICATES true  I=mapped/A_aln_sort.bam O=DedupReads/A_aln_marked.bam M=DedupReads/A_marked_dup_metrics.txt 2>logs/gatk/A_GATK_MarkDuplicates.log
        (one of the commands exited with non-zero exit code; note that snakemake uses bash strict mode!)

Shutting down, this might take some time.
Exiting because a job execution failed. Look above for error message
Complete log: /nfs/esnitkin/Github/samosa/.snakemake/log/2021-07-22T120230.079118.snakemake.log
