Building DAG of jobs...
Job stats:
job                    count    min threads    max threads
-------------------  -------  -------------  -------------
GATK_MarkDuplicates        1              1              1
all                        1              1              1
bowtie2Align               1              1              1
bowtie2Build               1              1              1
total                      4              1              1


[Thu Jul 22 11:43:21 2021]
rule bowtie2Build:
    input: resources/Aus0004.fasta
    output: resources/Aus0004.fasta.1.bt2, resources/Aus0004.fasta.2.bt2, resources/Aus0004.fasta.3.bt2, resources/Aus0004.fasta.4.bt2, resources/Aus0004.fasta.rev.1.bt2, resources/Aus0004.fasta.rev.2.bt2
    jobid: 2
    resources: tmpdir=/tmp

bowtie2-build resources/Aus0004.fasta resources/Aus0004.fasta

[Thu Jul 22 11:43:21 2021]
rule bowtie2Align:
    input: trimmed/A_R1_001.fastq.gz, trimmed/A_R2_001.fastq.gz, trimmed/A_R1_unpaired.fastq.gz, trimmed/A_R2_unpaired.fastq.gz, resources/Aus0004.fasta.1.bt2
    output: mapped/A_aln.sam, mapped/A_aln.bam, mapped/A_aln_sort.bam
    log: logs/bowtie2/A.log
    jobid: 3
    wildcards: sample=A
    resources: tmpdir=/tmp

bowtie2 -x resources/Aus0004.fasta -1 trimmed/A_R1_001.fastq.gz -2 trimmed/A_R2_001.fastq.gz -U trimmed/A_R1_unpaired.fastq.gz -U trimmed/A_R2_unpaired.fastq.gz -S mapped/A_aln.sam -t -p 8 --non-deterministic --end-to-end --rg-id A --rg SM:A --rg LB:1 --rg PL:Illumina && samtools view -Sb mapped/A_aln.sam > mapped/A_aln.bam && samtools sort -O BAM -o mapped/A_aln_sort.bam mapped/A_aln.bam

[Thu Jul 22 11:43:21 2021]
rule GATK_MarkDuplicates:
    input: mapped/A_aln_sort.bam
    output: DedupReads/A_aln_marked.bam, DedupReads/A_marked_dup_metrics.txt
    log: logs/gatk/A_GATK_MarkDuplicates.log
    jobid: 4
    wildcards: sample=A
    resources: tmpdir=/tmp

