Building DAG of jobs...
Using shell: /usr/bin/bash
Provided cores: 4
Rules claiming more threads will be scaled down.
Job stats:
job          count    min threads    max threads
---------  -------  -------------  -------------
all              1              1              1
freebayes        2              1              1
total            3              1              1

Select jobs to execute...

[Tue Jul 27 11:42:50 2021]
rule freebayes:
    input: DedupReads/B_aln_marked.bam, resources/Aus0004.fasta.fai, resources/Aus0004.fasta
    output: freebayes/B_raw.vcf
    log: logs/freebayes/B_freebayes.log
    jobid: 12
    wildcards: sample=B
    resources: tmpdir=/tmp


[Tue Jul 27 11:42:50 2021]
rule freebayes:
    input: DedupReads/A_aln_marked.bam, resources/Aus0004.fasta.fai, resources/Aus0004.fasta
    output: freebayes/A_raw.vcf
    log: logs/freebayes/A_freebayes.log
    jobid: 11
    wildcards: sample=A
    resources: tmpdir=/tmp

Terminating processes on user request, this might take some time.
[Tue Jul 27 11:43:30 2021]
Error in rule freebayes:
[Tue Jul 27 11:43:30 2021]
    jobid: 12
Error in rule freebayes:
    output: freebayes/B_raw.vcf
    jobid: 11
    log: logs/freebayes/B_freebayes.log (check log file(s) for error message)
    output: freebayes/A_raw.vcf
    shell:
        freebayes-parallel <(fasta_generate_regions.py resources/Aus0004.fasta.fai 100000) 4 -f resources/Aus0004.fasta --haplotype-length 0 --min-alternate-count 1 --min-alternate-fraction 0 --pooled-continuous --report-monomorphic DedupReads/B_aln_marked.bam > freebayes/B_raw.vcf
        (one of the commands exited with non-zero exit code; note that snakemake uses bash strict mode!)
    log: logs/freebayes/A_freebayes.log (check log file(s) for error message)

    shell:
        freebayes-parallel <(fasta_generate_regions.py resources/Aus0004.fasta.fai 100000) 4 -f resources/Aus0004.fasta --haplotype-length 0 --min-alternate-count 1 --min-alternate-fraction 0 --pooled-continuous --report-monomorphic DedupReads/A_aln_marked.bam > freebayes/A_raw.vcf
        (one of the commands exited with non-zero exit code; note that snakemake uses bash strict mode!)

Removing output files of failed job freebayes since they might be corrupted:
freebayes/B_raw.vcf
Removing output files of failed job freebayes since they might be corrupted:
freebayes/A_raw.vcf
Complete log: /nfs/esnitkin/Github/samosa/.snakemake/log/2021-07-27T114248.659031.snakemake.log
